[appr.tc/r/048316409.html]
[appr.tc/images/webrtc-icon-192x192.png]
[backblue.gif]
[fade.gif]
[index.html]
[appr.tc/js/adapter.js]
[appr.tc/js/util.js]
[appr.tc/js/sdputils.js]
[appr.tc/js/analytics.js]
[appr.tc/js/appcontroller.js]
[appr.tc/js/call.js]
[appr.tc/js/constants.js]
[appr.tc/js/infobox.js]
[appr.tc/js/peerconnectionclient.js]
[appr.tc/js/roomselection.js]
[appr.tc/js/signalingchannel.js]
[appr.tc/js/stats.js]
[appr.tc/js/storage.js]
[www.google-analytics.com/analytics.js]
[appr.tc/r/048316409.html]
[appr.tc/css/main.css]
